[INFO ] 2019-09-27 10:32:36 [restartedMain] c.a.banksocket.BanksocketApplication - Starting BanksocketApplication on 6M5UZCFODPEDIJ3 with PID 6516 (started by Administrator in C:\Users\Administrator\Desktop\吉林项目\银行接口\banksocket_jl\banksocket)
[INFO ] 2019-09-27 10:32:36 [restartedMain] c.a.banksocket.BanksocketApplication - No active profile set, falling back to default profiles: default
[INFO ] 2019-09-27 10:32:37 [restartedMain] o.s.b.d.e.DevToolsPropertyDefaultsPostProcessor - Devtools property defaults active! Set 'spring.devtools.add-properties' to 'false' to disable
[INFO ] 2019-09-27 10:32:37 [restartedMain] o.s.b.d.e.DevToolsPropertyDefaultsPostProcessor - For additional web related logging consider setting the 'logging.level.web' property to 'DEBUG'
[INFO ] 2019-09-27 10:32:42 [restartedMain] o.s.d.r.c.RepositoryConfigurationDelegate - Bootstrapping Spring Data repositories in DEFAULT mode.
[INFO ] 2019-09-27 10:32:43 [restartedMain] o.s.d.r.c.RepositoryConfigurationDelegate - Finished Spring Data repository scanning in 117ms. Found 0 repository interfaces.
[INFO ] 2019-09-27 10:32:44 [restartedMain] o.s.c.s.PostProcessorRegistrationDelegate$BeanPostProcessorChecker - Bean 'org.springframework.transaction.annotation.ProxyTransactionManagementConfiguration' of type [org.springframework.transaction.annotation.ProxyTransactionManagementConfiguration$$EnhancerBySpringCGLIB$$cde71990] is not eligible for getting processed by all BeanPostProcessors (for example: not eligible for auto-proxying)
[INFO ] 2019-09-27 10:32:46 [restartedMain] o.s.b.w.e.tomcat.TomcatWebServer - Tomcat initialized with port(s): 8080 (http)
[INFO ] 2019-09-27 10:32:46 [restartedMain] o.a.coyote.http11.Http11NioProtocol - Initializing ProtocolHandler ["http-nio-8080"]
[INFO ] 2019-09-27 10:32:47 [restartedMain] o.a.catalina.core.StandardService - Starting service [Tomcat]
[INFO ] 2019-09-27 10:32:47 [restartedMain] o.a.catalina.core.StandardEngine - Starting Servlet engine: [Apache Tomcat/9.0.17]
[INFO ] 2019-09-27 10:32:47 [restartedMain] o.a.c.core.AprLifecycleListener - An older version [1.2.16] of the APR based Apache Tomcat Native library is installed, while Tomcat recommends a minimum version of [1.2.21]
[INFO ] 2019-09-27 10:32:47 [restartedMain] o.a.c.core.AprLifecycleListener - Loaded APR based Apache Tomcat Native library [1.2.16] using APR version [1.6.3].
[INFO ] 2019-09-27 10:32:47 [restartedMain] o.a.c.core.AprLifecycleListener - APR capabilities: IPv6 [true], sendfile [true], accept filters [false], random [true].
[INFO ] 2019-09-27 10:32:47 [restartedMain] o.a.c.core.AprLifecycleListener - APR/OpenSSL configuration: useAprConnector [false], useOpenSSL [true]
[INFO ] 2019-09-27 10:32:48 [restartedMain] o.a.c.core.AprLifecycleListener - OpenSSL successfully initialized [OpenSSL 1.0.2m  2 Nov 2017]
[INFO ] 2019-09-27 10:32:49 [restartedMain] o.a.c.c.C.[Tomcat].[localhost].[/] - Initializing Spring embedded WebApplicationContext
[INFO ] 2019-09-27 10:32:49 [restartedMain] o.s.web.context.ContextLoader - Root WebApplicationContext: initialization completed in 11770 ms
[INFO ] 2019-09-27 10:33:12 [restartedMain] c.alibaba.druid.pool.DruidDataSource - {dataSource-1} inited
[INFO ] 2019-09-27 10:35:14 [restartedMain] org.hibernate.Version - HHH000412: Hibernate Core {5.3.9.Final}
[INFO ] 2019-09-27 10:35:14 [restartedMain] org.hibernate.cfg.Environment - HHH000206: hibernate.properties not found
[INFO ] 2019-09-27 10:35:15 [restartedMain] o.h.annotations.common.Version - HCANN000001: Hibernate Commons Annotations {5.0.4.Final}
[INFO ] 2019-09-27 10:37:16 [restartedMain] c.alibaba.druid.pool.DruidDataSource - {dataSource-1} closed
[INFO ] 2019-09-27 10:37:16 [restartedMain] o.a.catalina.core.StandardService - Stopping service [Tomcat]
