[INFO ] 2019-10-15 11:13:33 [restartedMain] c.a.banksocket.BanksocketApplication - Starting BanksocketApplication on 6M5UZCFODPEDIJ3 with PID 6372 (started by Administrator in C:\Users\Administrator\Desktop\吉林项目\银行接口\banksocket_jl\banksocket)
[INFO ] 2019-10-15 11:13:33 [restartedMain] c.a.banksocket.BanksocketApplication - No active profile set, falling back to default profiles: default
[INFO ] 2019-10-15 11:13:34 [restartedMain] o.s.b.d.e.DevToolsPropertyDefaultsPostProcessor - Devtools property defaults active! Set 'spring.devtools.add-properties' to 'false' to disable
[INFO ] 2019-10-15 11:13:34 [restartedMain] o.s.b.d.e.DevToolsPropertyDefaultsPostProcessor - For additional web related logging consider setting the 'logging.level.web' property to 'DEBUG'
[INFO ] 2019-10-15 11:13:38 [restartedMain] o.s.d.r.c.RepositoryConfigurationDelegate - Bootstrapping Spring Data repositories in DEFAULT mode.
[INFO ] 2019-10-15 11:13:38 [restartedMain] o.s.d.r.c.RepositoryConfigurationDelegate - Finished Spring Data repository scanning in 188ms. Found 0 repository interfaces.
[INFO ] 2019-10-15 11:13:40 [restartedMain] o.s.c.s.PostProcessorRegistrationDelegate$BeanPostProcessorChecker - Bean 'org.springframework.transaction.annotation.ProxyTransactionManagementConfiguration' of type [org.springframework.transaction.annotation.ProxyTransactionManagementConfiguration$$EnhancerBySpringCGLIB$$1141a] is not eligible for getting processed by all BeanPostProcessors (for example: not eligible for auto-proxying)
[INFO ] 2019-10-15 11:13:42 [restartedMain] o.s.b.w.e.tomcat.TomcatWebServer - Tomcat initialized with port(s): 8080 (http)
[INFO ] 2019-10-15 11:13:42 [restartedMain] o.a.coyote.http11.Http11NioProtocol - Initializing ProtocolHandler ["http-nio-8080"]
[INFO ] 2019-10-15 11:13:42 [restartedMain] o.a.catalina.core.StandardService - Starting service [Tomcat]
[INFO ] 2019-10-15 11:13:42 [restartedMain] o.a.catalina.core.StandardEngine - Starting Servlet engine: [Apache Tomcat/9.0.17]
[INFO ] 2019-10-15 11:13:42 [restartedMain] o.a.c.core.AprLifecycleListener - An older version [1.2.16] of the APR based Apache Tomcat Native library is installed, while Tomcat recommends a minimum version of [1.2.21]
[INFO ] 2019-10-15 11:13:42 [restartedMain] o.a.c.core.AprLifecycleListener - Loaded APR based Apache Tomcat Native library [1.2.16] using APR version [1.6.3].
[INFO ] 2019-10-15 11:13:42 [restartedMain] o.a.c.core.AprLifecycleListener - APR capabilities: IPv6 [true], sendfile [true], accept filters [false], random [true].
[INFO ] 2019-10-15 11:13:42 [restartedMain] o.a.c.core.AprLifecycleListener - APR/OpenSSL configuration: useAprConnector [false], useOpenSSL [true]
[INFO ] 2019-10-15 11:13:43 [restartedMain] o.a.c.core.AprLifecycleListener - OpenSSL successfully initialized [OpenSSL 1.0.2m  2 Nov 2017]
[INFO ] 2019-10-15 11:13:44 [restartedMain] o.a.c.c.C.[Tomcat].[localhost].[/] - Initializing Spring embedded WebApplicationContext
[INFO ] 2019-10-15 11:13:44 [restartedMain] o.s.web.context.ContextLoader - Root WebApplicationContext: initialization completed in 9863 ms
[INFO ] 2019-10-15 11:13:53 [restartedMain] c.alibaba.druid.pool.DruidDataSource - {dataSource-1} inited
[INFO ] 2019-10-15 11:13:54 [restartedMain] org.hibernate.Version - HHH000412: Hibernate Core {5.3.9.Final}
[INFO ] 2019-10-15 11:13:54 [restartedMain] org.hibernate.cfg.Environment - HHH000206: hibernate.properties not found
[INFO ] 2019-10-15 11:13:55 [restartedMain] o.h.annotations.common.Version - HCANN000001: Hibernate Commons Annotations {5.0.4.Final}
[INFO ] 2019-10-15 11:13:56 [restartedMain] org.hibernate.dialect.Dialect - HHH000400: Using dialect: org.hibernate.dialect.MySQL5Dialect
[INFO ] 2019-10-15 11:13:57 [restartedMain] o.s.o.j.LocalContainerEntityManagerFactoryBean - Initialized JPA EntityManagerFactory for persistence unit 'default'
[INFO ] 2019-10-15 11:14:00 [restartedMain] o.s.s.c.ThreadPoolTaskExecutor - Initializing ExecutorService 'applicationTaskExecutor'
[INFO ] 2019-10-15 11:14:01 [restartedMain] o.s.b.d.a.OptionalLiveReloadServer - LiveReload server is running on port 35729
[INFO ] 2019-10-15 11:14:01 [restartedMain] o.a.coyote.http11.Http11NioProtocol - Starting ProtocolHandler ["http-nio-8080"]
[INFO ] 2019-10-15 11:14:01 [restartedMain] o.s.b.w.e.tomcat.TomcatWebServer - Tomcat started on port(s): 8080 (http) with context path ''
[INFO ] 2019-10-15 11:14:01 [restartedMain] c.a.banksocket.BanksocketApplication - Started BanksocketApplication in 32.044 seconds (JVM running for 43.581)
[INFO ] 2019-10-15 11:18:18 [Thread-73] o.s.s.c.ThreadPoolTaskExecutor - Shutting down ExecutorService 'applicationTaskExecutor'
[INFO ] 2019-10-15 11:18:18 [Thread-73] o.s.o.j.LocalContainerEntityManagerFactoryBean - Closing JPA EntityManagerFactory for persistence unit 'default'
[INFO ] 2019-10-15 11:18:18 [Thread-73] c.alibaba.druid.pool.DruidDataSource - {dataSource-1} closed
[INFO ] 2019-10-15 11:18:27 [restartedMain] c.a.banksocket.BanksocketApplication - Starting BanksocketApplication on 6M5UZCFODPEDIJ3 with PID 6084 (started by Administrator in C:\Users\Administrator\Desktop\吉林项目\银行接口\banksocket_jl\banksocket)
[INFO ] 2019-10-15 11:18:27 [restartedMain] c.a.banksocket.BanksocketApplication - No active profile set, falling back to default profiles: default
[INFO ] 2019-10-15 11:18:27 [restartedMain] o.s.b.d.e.DevToolsPropertyDefaultsPostProcessor - Devtools property defaults active! Set 'spring.devtools.add-properties' to 'false' to disable
[INFO ] 2019-10-15 11:18:27 [restartedMain] o.s.b.d.e.DevToolsPropertyDefaultsPostProcessor - For additional web related logging consider setting the 'logging.level.web' property to 'DEBUG'
[INFO ] 2019-10-15 11:18:30 [restartedMain] o.s.d.r.c.RepositoryConfigurationDelegate - Bootstrapping Spring Data repositories in DEFAULT mode.
[INFO ] 2019-10-15 11:18:30 [restartedMain] o.s.d.r.c.RepositoryConfigurationDelegate - Finished Spring Data repository scanning in 108ms. Found 0 repository interfaces.
[INFO ] 2019-10-15 11:18:31 [restartedMain] o.s.c.s.PostProcessorRegistrationDelegate$BeanPostProcessorChecker - Bean 'org.springframework.transaction.annotation.ProxyTransactionManagementConfiguration' of type [org.springframework.transaction.annotation.ProxyTransactionManagementConfiguration$$EnhancerBySpringCGLIB$$173f09ba] is not eligible for getting processed by all BeanPostProcessors (for example: not eligible for auto-proxying)
[INFO ] 2019-10-15 11:18:32 [restartedMain] o.s.b.w.e.tomcat.TomcatWebServer - Tomcat initialized with port(s): 8080 (http)
[INFO ] 2019-10-15 11:18:32 [restartedMain] o.a.coyote.http11.Http11NioProtocol - Initializing ProtocolHandler ["http-nio-8080"]
[INFO ] 2019-10-15 11:18:32 [restartedMain] o.a.catalina.core.StandardService - Starting service [Tomcat]
[INFO ] 2019-10-15 11:18:32 [restartedMain] o.a.catalina.core.StandardEngine - Starting Servlet engine: [Apache Tomcat/9.0.17]
[INFO ] 2019-10-15 11:18:32 [restartedMain] o.a.c.core.AprLifecycleListener - An older version [1.2.16] of the APR based Apache Tomcat Native library is installed, while Tomcat recommends a minimum version of [1.2.21]
[INFO ] 2019-10-15 11:18:32 [restartedMain] o.a.c.core.AprLifecycleListener - Loaded APR based Apache Tomcat Native library [1.2.16] using APR version [1.6.3].
[INFO ] 2019-10-15 11:18:32 [restartedMain] o.a.c.core.AprLifecycleListener - APR capabilities: IPv6 [true], sendfile [true], accept filters [false], random [true].
[INFO ] 2019-10-15 11:18:32 [restartedMain] o.a.c.core.AprLifecycleListener - APR/OpenSSL configuration: useAprConnector [false], useOpenSSL [true]
[INFO ] 2019-10-15 11:18:33 [restartedMain] o.a.c.core.AprLifecycleListener - OpenSSL successfully initialized [OpenSSL 1.0.2m  2 Nov 2017]
[INFO ] 2019-10-15 11:18:33 [restartedMain] o.a.c.c.C.[Tomcat].[localhost].[/] - Initializing Spring embedded WebApplicationContext
[INFO ] 2019-10-15 11:18:33 [restartedMain] o.s.web.context.ContextLoader - Root WebApplicationContext: initialization completed in 5785 ms
[INFO ] 2019-10-15 11:18:36 [restartedMain] c.alibaba.druid.pool.DruidDataSource - {dataSource-1} inited
[INFO ] 2019-10-15 11:18:36 [restartedMain] org.hibernate.Version - HHH000412: Hibernate Core {5.3.9.Final}
[INFO ] 2019-10-15 11:18:36 [restartedMain] org.hibernate.cfg.Environment - HHH000206: hibernate.properties not found
[INFO ] 2019-10-15 11:18:36 [restartedMain] o.h.annotations.common.Version - HCANN000001: Hibernate Commons Annotations {5.0.4.Final}
[INFO ] 2019-10-15 11:18:37 [restartedMain] org.hibernate.dialect.Dialect - HHH000400: Using dialect: org.hibernate.dialect.MySQL5Dialect
[INFO ] 2019-10-15 11:18:37 [restartedMain] o.s.o.j.LocalContainerEntityManagerFactoryBean - Initialized JPA EntityManagerFactory for persistence unit 'default'
[INFO ] 2019-10-15 11:18:38 [restartedMain] o.s.s.c.ThreadPoolTaskExecutor - Initializing ExecutorService 'applicationTaskExecutor'
[INFO ] 2019-10-15 11:18:38 [restartedMain] o.s.b.d.a.OptionalLiveReloadServer - LiveReload server is running on port 35729
[INFO ] 2019-10-15 11:18:39 [restartedMain] o.a.coyote.http11.Http11NioProtocol - Starting ProtocolHandler ["http-nio-8080"]
[INFO ] 2019-10-15 11:18:39 [restartedMain] o.s.b.w.e.tomcat.TomcatWebServer - Tomcat started on port(s): 8080 (http) with context path ''
[INFO ] 2019-10-15 11:18:39 [restartedMain] c.a.banksocket.BanksocketApplication - Started BanksocketApplication in 13.58 seconds (JVM running for 15.698)
[INFO ] 2019-10-15 11:21:02 [nioEventLoopGroup-3-1] c.a.b.service.impl.BankServiceImpl - socket接收的串为[060432JLBM111111111174        170CDMA  18043427637         20190809063854#]
[INFO ] 2019-10-15 11:21:02 [nioEventLoopGroup-3-1] c.a.b.service.impl.BankServiceImpl - [开始调用远程服务 用户查询]http://136.160.161.100:8091/billing/acct/std/searchServInfo
[INFO ] 2019-10-15 11:21:02 [nioEventLoopGroup-3-1] c.a.b.service.impl.BankServiceImpl - 输入参数[StdCcrQueryServReq]={"stdCcrQueryServ":{"areaCode":"0431","valueType":"1","value":"18043427637","queryType":"2"}}
[INFO ] 2019-10-15 11:21:04 [nioEventLoopGroup-3-1] c.a.b.service.impl.BankServiceImpl - 调用远程服务返回的报文：{"errorCode":"0","errorMsg":"SUCCESS","businessCode":null,"stdCcaQueryServRes":{"stdCcaQueryServList":[{"servState":"0","paymentFlag":"1","productId":"379","servId":"323056641574","custName":"彭桂云","stateDate":"20190808181501","groupUser":"1","destinationAttr":"2","productName":"CDMA","homeAreaCode":"0432"}]}}
[INFO ] 2019-10-15 11:21:38 [nioEventLoopGroup-3-1] c.a.b.service.impl.BankServiceImpl - 用户名称为：彭桂云
[INFO ] 2019-10-15 11:21:44 [nioEventLoopGroup-3-1] c.a.b.service.impl.BankServiceImpl - [开始调用远程服务 余额查询]http://136.160.161.100:8091/billing/acct/std/getUnitedBalance
[INFO ] 2019-10-15 11:22:03 [nioEventLoopGroup-3-1] c.a.b.service.impl.BankServiceImpl - 输入参数[getUnitedBalanceReq]={"stdCcrQueryBalanceBalance":{"balanceQueryInformation":{"areaCode":"0431","destinationAttr":"2","destinationId":"18043427637","destinationIdType":"1","queryFlag":"1","queryItemType":"0"}},"systemId":null}
[INFO ] 2019-10-15 11:22:18 [nioEventLoopGroup-3-1] c.a.b.service.impl.BankServiceImpl - 调用远程服务返回的报文：{"errorCode":"0","errorMsg":"SUCCESS","businessCode":null,"stdCcaQueryBalanceBalance":{"balanceInformation":[{"balanceAvailable":"0","balanceTypeFlag":"0"},{"balanceAvailable":"7755","balanceTypeFlag":"1"},{"balanceAvailable":"0","balanceTypeFlag":"2"},{"balanceAvailable":"0","balanceTypeFlag":"3"},{"balanceAvailable":"7755","balanceTypeFlag":"4"}],"paymentFlag":"1","totalBalanceAvailable":"7755"}}
[INFO ] 2019-10-15 11:22:18 [nioEventLoopGroup-3-1] c.a.b.service.impl.BankServiceImpl - 调用远程服务返回的报文：{"errorCode":"0","errorMsg":"SUCCESS","businessCode":null,"stdCcaQueryBalanceBalance":{"balanceInformation":[{"balanceAvailable":"0","balanceTypeFlag":"0"},{"balanceAvailable":"7755","balanceTypeFlag":"1"},{"balanceAvailable":"0","balanceTypeFlag":"2"},{"balanceAvailable":"0","balanceTypeFlag":"3"},{"balanceAvailable":"7755","balanceTypeFlag":"4"}],"paymentFlag":"1","totalBalanceAvailable":"7755"}}
[INFO ] 2019-10-15 15:13:39 [Thread-34] o.s.s.c.ThreadPoolTaskExecutor - Shutting down ExecutorService 'applicationTaskExecutor'
[INFO ] 2019-10-15 15:13:40 [Thread-34] o.s.o.j.LocalContainerEntityManagerFactoryBean - Closing JPA EntityManagerFactory for persistence unit 'default'
[INFO ] 2019-10-15 15:13:47 [Thread-34] c.alibaba.druid.pool.DruidDataSource - {dataSource-1} closed
